0 info it worked if it ends with ok
1 verbose cli [ 'c:\\Program Files\\nodejs\\node.exe',
1 verbose cli   'c:\\Program Files\\nodejs\\node_modules\\npm\\bin\\npm-cli.js',
1 verbose cli   'start' ]
2 info using npm@3.9.6
3 info using node@v4.4.5
4 verbose run-script [ 'prestart', 'start', 'poststart' ]
5 info lifecycle rrr-basic-example@0.0.0~prestart: rrr-basic-example@0.0.0
6 silly lifecycle rrr-basic-example@0.0.0~prestart: no script for prestart, continuing
7 info lifecycle rrr-basic-example@0.0.0~start: rrr-basic-example@0.0.0
8 verbose lifecycle rrr-basic-example@0.0.0~start: unsafe-perm in lifecycle true
9 verbose lifecycle rrr-basic-example@0.0.0~start: PATH: c:\Program Files\nodejs\node_modules\npm\bin\node-gyp-bin;g:\项目资料\code\react-redux-router\node_modules\.bin;c:\Program Files\nodejs;c:\Users\Administrator\bin;.;C:\Program Files (x86)\Git\local\bin;C:\Program Files (x86)\Git\mingw\bin;C:\Program Files (x86)\Git\bin;C:\Program Files (x86)\Git\bin;c:\ProgramData\Oracle\Java\javapath;c:\Program Files (x86)\Intel\iCLS Client\;c:\Program Files\Intel\iCLS Client\;f:\android-sdk\build-tools\22.0.1;f:\android-sdk\platform-tools;f:\android-sdk\tools;f:\Program Files\Java\jdk1.8.0_91\bin;c:\Windows\system32;c:\Windows;c:\Windows\System32\Wbem;c:\Windows\System32\WindowsPowerShell\v1.0\;c:\Program Files (x86)\node-webkit;c:\Program Files (x86)\node-webkit-v0.10.3-win-ia32;c:\Program Files (x86)\Windows Kits\8.1\Windows Performance Toolkit\;c:\Program Files\Microsoft SQL Server\110\Tools\Binn\;c:\Program Files (x86)\Microsoft SDKs\TypeScript\1.0\;c:\Program Files\Microsoft SQL Server\120\Tools\Binn\;d:\android\ant\bin;d:\android\ant\lib;c:\Program Files (x86)\Spoon\Cmd;c:\Program Files\Intel\Intel(R) Management Engine Components\DAL;c:\Program Files\Intel\Intel(R) Management Engine Components\IPT;c:\Program Files (x86)\Intel\Intel(R) Management Engine Components\DAL;c:\Program Files (x86)\Intel\Intel(R) Management Engine Components\IPT;c:\Windows\system32\Npcap;c:\Python27;c:\Go\bin;c:\Program Files (x86)\apache-maven-3.3.1\bin;d:\sdk\tools;d:\sdk\platform-tools;d:\sdk\build-tools\22.0.1;c:\Program Files\nodejs\;C:\Program Files (x86)\Git\bin;c:\Users\Administrator\AppData\Roaming\npm;c:\go\bin;c:\ProgramData\Oracle\Java\javapath;c:\Program Files (x86)\Intel\iCLS Client\;c:\Program Files\Intel\iCLS Client\;f:\android-sdk\build-tools\22.0.1;f:\android-sdk\platform-tools;f:\android-sdk\tools;f:\Program Files\Java\jdk1.8.0_91\bin;c:\Windows\system32;c:\Windows;c:\Windows\System32\Wbem;c:\Windows\System32\WindowsPowerShell\v1.0\;c:\Program Files (x86)\node-webkit;c:\Program Files (x86)\node-webkit-v0.10.3-win-ia32;c:\Program Files (x86)\Windows Kits\8.1\Windows Performance Toolkit\;c:\Program Files\Microsoft SQL Server\110\Tools\Binn\;c:\Program Files (x86)\Microsoft SDKs\TypeScript\1.0\;c:\Program Files\Microsoft SQL Server\120\Tools\Binn\;d:\android\ant\bin;d:\android\ant\lib;c:\Program Files (x86)\Spoon\Cmd;c:\Program Files\Intel\Intel(R) Management Engine Components\DAL;c:\Program Files\Intel\Intel(R) Management Engine Components\IPT;c:\Program Files (x86)\Intel\Intel(R) Management Engine Components\DAL;c:\Program Files (x86)\Intel\Intel(R) Management Engine Components\IPT;c:\Windows\system32\Npcap;c:\Python27;c:\Go\bin;c:\Program Files (x86)\apache-maven-3.3.1\bin;d:\sdk\tools;d:\sdk\platform-tools;d:\sdk\build-tools\22.0.1;c:\Program Files\nodejs\;C:\Program Files (x86)\Git\bin;c:\Users\Administrator\AppData\Roaming\npm;c:\go\bin;d:\nodjs\
10 verbose lifecycle rrr-basic-example@0.0.0~start: CWD: g:\项目资料\code\react-redux-router
11 silly lifecycle rrr-basic-example@0.0.0~start: Args: [ '/d /s /c', 'webpack-dev-server --hot --port 9090 --inline' ]
12 silly lifecycle rrr-basic-example@0.0.0~start: Returned: code: 1073807364  signal: null
13 info lifecycle rrr-basic-example@0.0.0~start: Failed to exec start script
14 verbose stack Error: rrr-basic-example@0.0.0 start: `webpack-dev-server --hot --port 9090 --inline`
14 verbose stack Exit status 1073807364
14 verbose stack     at EventEmitter.<anonymous> (c:\Program Files\nodejs\node_modules\npm\lib\utils\lifecycle.js:245:16)
14 verbose stack     at emitTwo (events.js:87:13)
14 verbose stack     at EventEmitter.emit (events.js:172:7)
14 verbose stack     at ChildProcess.<anonymous> (c:\Program Files\nodejs\node_modules\npm\lib\utils\spawn.js:24:14)
14 verbose stack     at emitTwo (events.js:87:13)
14 verbose stack     at ChildProcess.emit (events.js:172:7)
14 verbose stack     at maybeClose (internal/child_process.js:827:16)
14 verbose stack     at Process.ChildProcess._handle.onexit (internal/child_process.js:211:5)
15 verbose pkgid rrr-basic-example@0.0.0
16 verbose cwd g:\项目资料\code\react-redux-router
17 error Windows_NT 6.1.7601
18 error argv "c:\\Program Files\\nodejs\\node.exe" "c:\\Program Files\\nodejs\\node_modules\\npm\\bin\\npm-cli.js" "start"
19 error node v4.4.5
20 error npm  v3.9.6
21 error code ELIFECYCLE
22 error rrr-basic-example@0.0.0 start: `webpack-dev-server --hot --port 9090 --inline`
22 error Exit status 1073807364
23 error Failed at the rrr-basic-example@0.0.0 start script 'webpack-dev-server --hot --port 9090 --inline'.
23 error Make sure you have the latest version of node.js and npm installed.
23 error If you do, this is most likely a problem with the rrr-basic-example package,
23 error not with npm itself.
23 error Tell the author that this fails on your system:
23 error     webpack-dev-server --hot --port 9090 --inline
23 error You can get information on how to open an issue for this project with:
23 error     npm bugs rrr-basic-example
23 error Or if that isn't available, you can get their info via:
23 error     npm owner ls rrr-basic-example
23 error There is likely additional logging output above.
24 verbose exit [ 1, true ]
